<html>
<head>
<title>TestNG:  Test</title>
<link href="../testng.css" rel="stylesheet" type="text/css" />
<link href="../my-testng.css" rel="stylesheet" type="text/css" />

<style type="text/css">
.log { display: none;} 
.stack-trace { display: none;} 
</style>
<script type="text/javascript">
<!--
function flip(e) {
  current = e.style.display;
  if (current == 'block') {
    e.style.display = 'none';
    return 0;
  }
  else {
    e.style.display = 'block';
    return 1;
  }
}

function toggleBox(szDivId, elem, msg1, msg2)
{
  var res = -1;  if (document.getElementById) {
    res = flip(document.getElementById(szDivId));
  }
  else if (document.all) {
    // this is the way old msie versions work
    res = flip(document.all[szDivId]);
  }
  if(elem) {
    if(res == 0) elem.innerHTML = msg1; else elem.innerHTML = msg2;
  }

}

function toggleAllBoxes() {
  if (document.getElementsByTagName) {
    d = document.getElementsByTagName('div');
    for (i = 0; i < d.length; i++) {
      if (d[i].className == 'log') {
        flip(d[i]);
      }
    }
  }
}

// -->
</script>

</head>
<body>
<h2 align='center'>Test</h2><table border='1' align="center">
<tr>
<td>Tests passed/Failed/Skipped:</td><td>28/1/0</td>
</tr><tr>
<td>Started on:</td><td>Mon May 25 14:28:10 IST 2020</td>
</tr>
<tr><td>Total time:</td><td>1 seconds (1410 ms)</td>
</tr><tr>
<td>Included groups:</td><td></td>
</tr><tr>
<td>Excluded groups:</td><td></td>
</tr>
</table><p/>
<small><i>(Hover the method name to see the test class name)</i></small><p/>
<table width='100%' border='1' class='invocation-failed'>
<tr><td colspan='4' align='center'><b>FAILED TESTS</b></td></tr>
<tr><td><b>Test method</b></td>
<td width="30%"><b>Exception</b></td>
<td width="10%"><b>Time (seconds)</b></td>
<td><b>Instance</b></td>
</tr>
<tr>
<td title='Test.onTestFailure.Demo()'><b>Demo</b><br>Test class: Test.onTestFailure</td>
<td><div><pre>java.lang.AssertionError: expected [true] but found [false]
	at Test.onTestFailure.Demo(onTestFailure.java:13)
	at java.util.ArrayList.forEach(ArrayList.java:1257)
... Removed 31 stack frames</pre></div><a href='#' onClick='toggleBox("stack-trace1135348328", this, "Click to show all stack frames", "Click to hide stack frames")'>Click to show all stack frames</a>
<div class='stack-trace' id='stack-trace1135348328'><pre>java.lang.AssertionError: expected [true] but found [false]
	at org.testng.Assert.fail(Assert.java:97)
	at org.testng.Assert.failNotEquals(Assert.java:968)
	at org.testng.Assert.assertTrue(Assert.java:43)
	at org.testng.Assert.assertTrue(Assert.java:53)
	at Test.onTestFailure.Demo(onTestFailure.java:13)
	at sun.reflect.NativeMethodAccessorImpl.invoke0(Native Method)
	at sun.reflect.NativeMethodAccessorImpl.invoke(NativeMethodAccessorImpl.java:62)
	at sun.reflect.DelegatingMethodAccessorImpl.invoke(DelegatingMethodAccessorImpl.java:43)
	at java.lang.reflect.Method.invoke(Method.java:498)
	at org.testng.internal.MethodInvocationHelper.invokeMethod(MethodInvocationHelper.java:135)
	at org.testng.internal.TestInvoker.invokeMethod(TestInvoker.java:598)
	at org.testng.internal.TestInvoker.invokeTestMethod(TestInvoker.java:174)
	at org.testng.internal.MethodRunner.runInSequence(MethodRunner.java:46)
	at org.testng.internal.TestInvoker$MethodInvocationAgent.invoke(TestInvoker.java:821)
	at org.testng.internal.TestInvoker.invokeTestMethods(TestInvoker.java:147)
	at org.testng.internal.TestMethodWorker.invokeTestMethods(TestMethodWorker.java:146)
	at org.testng.internal.TestMethodWorker.run(TestMethodWorker.java:128)
	at java.util.ArrayList.forEach(ArrayList.java:1257)
	at org.testng.TestRunner.privateRun(TestRunner.java:767)
	at org.testng.TestRunner.run(TestRunner.java:588)
	at org.testng.SuiteRunner.runTest(SuiteRunner.java:384)
	at org.testng.SuiteRunner.runSequentially(SuiteRunner.java:378)
	at org.testng.SuiteRunner.privateRun(SuiteRunner.java:337)
	at org.testng.SuiteRunner.run(SuiteRunner.java:286)
	at org.testng.SuiteRunnerWorker.runSuite(SuiteRunnerWorker.java:53)
	at org.testng.SuiteRunnerWorker.run(SuiteRunnerWorker.java:96)
	at org.testng.TestNG.runSuitesSequentially(TestNG.java:1214)
	at org.testng.TestNG.runSuitesLocally(TestNG.java:1136)
	at org.testng.TestNG.runSuites(TestNG.java:1066)
	at org.testng.TestNG.run(TestNG.java:1034)
	at org.testng.remote.AbstractRemoteTestNG.run(AbstractRemoteTestNG.java:115)
	at org.testng.remote.RemoteTestNG.initAndRun(RemoteTestNG.java:251)
	at org.testng.remote.RemoteTestNG.main(RemoteTestNG.java:77)
</pre></div></td>
<td>0</td>
<td>Test.onTestFailure@3e33d73e</td></tr>
</table><p>
<table width='100%' border='1' class='invocation-passed'>
<tr><td colspan='4' align='center'><b>PASSED TESTS</b></td></tr>
<tr><td><b>Test method</b></td>
<td width="30%"><b>Exception</b></td>
<td width="10%"><b>Time (seconds)</b></td>
<td><b>Instance</b></td>
</tr>
<tr>
<td title='Test.Aftermethod.Demo()'><b>Demo</b><br>Test class: Test.Aftermethod</td>
<td></td>
<td>0</td>
<td>Test.Aftermethod@6981f8f3</td></tr>
<tr>
<td title='Test.Day1.Demo()'><b>Demo</b><br>Test class: Test.Day1</td>
<td></td>
<td>0</td>
<td>Test.Day1@4c6007fb</td></tr>
<tr>
<td title='Test.Day2.Demo()'><b>Demo</b><br>Test class: Test.Day2</td>
<td></td>
<td>0</td>
<td>Test.Day2@623dcf2a</td></tr>
<tr>
<td title='Test.Demo4.Demo()'><b>Demo</b><br>Test class: Test.Demo4</td>
<td></td>
<td>0</td>
<td>Test.Demo4@646c0a67</td></tr>
<tr>
<td title='Test.DepandsOnMethod.Demo()'><b>Demo</b><br>Test class: Test.DepandsOnMethod</td>
<td></td>
<td>0</td>
<td>Test.DepandsOnMethod@3804a9a8</td></tr>
<tr>
<td title='Test.Part2.Demo()'><b>Demo</b><br>Test class: Test.Part2</td>
<td></td>
<td>0</td>
<td>Test.Part2@5f7989fa</td></tr>
<tr>
<td title='Test.Part2.Demo1()'><b>Demo1</b><br>Test class: Test.Part2</td>
<td></td>
<td>0</td>
<td>Test.Part2@5f7989fa</td></tr>
<tr>
<td title='Test.Demo2.Fee()'><b>Fee</b><br>Test class: Test.Demo2</td>
<td></td>
<td>0</td>
<td>Test.Demo2@e84fb85</td></tr>
<tr>
<td title='Test.Demo1.Finance()'><b>Finance</b><br>Test class: Test.Demo1</td>
<td></td>
<td>0</td>
<td>Test.Demo1@2eae4349</td></tr>
<tr>
<td title='Test.Parameterising.Finance()'><b>Finance</b><br>Test class: Test.Parameterising</td>
<td></td>
<td>0</td>
<td>Test.Parameterising@117525fe</td></tr>
<tr>
<td title='Test.Demo1.HR()'><b>HR</b><br>Test class: Test.Demo1</td>
<td></td>
<td>0</td>
<td>Test.Demo1@2eae4349</td></tr>
<tr>
<td title='Test.Parameterising.HR()'><b>HR</b><br>Test class: Test.Parameterising</td>
<td></td>
<td>0</td>
<td>Test.Parameterising@117525fe</td></tr>
<tr>
<td title='Test.Demo1.Office()'><b>Office</b><br>Test class: Test.Demo1</td>
<td></td>
<td>0</td>
<td>Test.Demo1@2eae4349</td></tr>
<tr>
<td title='Test.Parameterising.Office()'><b>Office</b><br>Test class: Test.Parameterising</td>
<td></td>
<td>0</td>
<td>Test.Parameterising@117525fe</td></tr>
<tr>
<td title='Test.Demo2.School()'><b>School</b><br>Test class: Test.Demo2</td>
<td></td>
<td>0</td>
<td>Test.Demo2@e84fb85</td></tr>
<tr>
<td title='Test.Demo2.Sports()'><b>Sports</b><br>Test class: Test.Demo2</td>
<td></td>
<td>0</td>
<td>Test.Demo2@e84fb85</td></tr>
<tr>
<td title='Test.Demo3.TEsting3()'><b>TEsting3</b><br>Test class: Test.Demo3</td>
<td></td>
<td>0</td>
<td>Test.Demo3@68a4dcc6</td></tr>
<tr>
<td title='Test.Demo3.Testing()'><b>Testing</b><br>Test class: Test.Demo3</td>
<td></td>
<td>0</td>
<td>Test.Demo3@68a4dcc6</td></tr>
<tr>
<td title='Test.Demo3.Testing1()'><b>Testing1</b><br>Test class: Test.Demo3</td>
<td></td>
<td>0</td>
<td>Test.Demo3@68a4dcc6</td></tr>
<tr>
<td title='Test.Aftermethod.a1()'><b>a1</b><br>Test class: Test.Aftermethod</td>
<td></td>
<td>0</td>
<td>Test.Aftermethod@6981f8f3</td></tr>
<tr>
<td title='Test.Day2.a1()'><b>a1</b><br>Test class: Test.Day2</td>
<td></td>
<td>0</td>
<td>Test.Day2@623dcf2a</td></tr>
<tr>
<td title='Test.Demo4.a1()'><b>a1</b><br>Test class: Test.Demo4</td>
<td></td>
<td>0</td>
<td>Test.Demo4@646c0a67</td></tr>
<tr>
<td title='Test.DepandsOnMethod.a1()'><b>a1</b><br>Test class: Test.DepandsOnMethod</td>
<td></td>
<td>0</td>
<td>Test.DepandsOnMethod@3804a9a8</td></tr>
<tr>
<td title='Test.DepandsOnMethod.beforeeverymethod()'><b>beforeeverymethod</b><br>Test class: Test.DepandsOnMethod</td>
<td></td>
<td>0</td>
<td>Test.DepandsOnMethod@3804a9a8</td></tr>
<tr>
<td title='Test.Aftermethod.name()'><b>name</b><br>Test class: Test.Aftermethod</td>
<td></td>
<td>0</td>
<td>Test.Aftermethod@6981f8f3</td></tr>
<tr>
<td title='Test.Day2.name()'><b>name</b><br>Test class: Test.Day2</td>
<td></td>
<td>0</td>
<td>Test.Day2@623dcf2a</td></tr>
<tr>
<td title='Test.Demo4.name()'><b>name</b><br>Test class: Test.Demo4</td>
<td></td>
<td>0</td>
<td>Test.Demo4@646c0a67</td></tr>
<tr>
<td title='Test.DepandsOnMethod.name()'><b>name</b><br>Test class: Test.DepandsOnMethod</td>
<td></td>
<td>0</td>
<td>Test.DepandsOnMethod@3804a9a8</td></tr>
</table><p>
</body>
</html>