<?xml version="1.0" encoding="UTF-8"?>
<!-- Generated by org.testng.reporters.JUnitXMLReporter -->
<testsuite hostname="DESKTOP-USPQ1LK" ignored="0" name="Test" tests="29" failures="1" timestamp="2020-05-25T14:28:12 IST" time="1.41" errors="0">
  <testcase name="Demo" time="0.172" classname="Test.Aftermethod"/>
  <testcase name="a1" time="0.0" classname="Test.Aftermethod"/>
  <testcase name="name" time="0.01" classname="Test.Aftermethod"/>
  <testcase name="Demo" time="0.008" classname="Test.Day1"/>
  <testcase name="Demo" time="0.01" classname="Test.Day2"/>
  <testcase name="a1" time="0.01" classname="Test.Day2"/>
  <testcase name="name" time="0.0" classname="Test.Day2"/>
  <testcase name="Finance" time="0.002" classname="Test.Demo1"/>
  <testcase name="HR" time="0.008" classname="Test.Demo1"/>
  <testcase name="Office" time="0.004" classname="Test.Demo1"/>
  <testcase name="Fee" time="0.002" classname="Test.Demo2"/>
  <testcase name="School" time="0.0" classname="Test.Demo2"/>
  <testcase name="Sports" time="0.0" classname="Test.Demo2"/>
  <testcase name="TEsting3" time="0.01" classname="Test.Demo3"/>
  <testcase name="Testing" time="0.0" classname="Test.Demo3"/>
  <testcase name="Testing1" time="0.028" classname="Test.Demo3"/>
  <testcase name="Demo" time="0.0" classname="Test.Demo4"/>
  <testcase name="a1" time="0.0" classname="Test.Demo4"/>
  <testcase name="name" time="0.021" classname="Test.Demo4"/>
  <testcase name="Demo" time="0.0" classname="Test.DepandsOnMethod"/>
  <testcase name="beforeeverymethod" time="0.01" classname="Test.DepandsOnMethod"/>
  <testcase name="name" time="0.01" classname="Test.DepandsOnMethod"/>
  <testcase name="a1" time="0.002" classname="Test.DepandsOnMethod"/>
  <testcase name="Demo" time="0.01" classname="Test.onTestFailure">
    <failure type="java.lang.AssertionError" message="expected [true] but found [false]">
      <![CDATA[java.lang.AssertionError: expected [true] but found [false]
at Test.onTestFailure.Demo(onTestFailure.java:13)
at java.util.ArrayList.forEach(ArrayList.java:1257)
... Removed 31 stack frames]]>
    </failure>
  </testcase> <!-- Demo -->
  <testcase name="Finance" time="0.002" classname="Test.Parameterising"/>
  <testcase name="HR" time="0.0" classname="Test.Parameterising"/>
  <testcase name="Office" time="0.01" classname="Test.Parameterising"/>
  <testcase name="Demo" time="0.0" classname="Test.Part2"/>
  <testcase name="Demo1" time="0.0" classname="Test.Part2"/>
</testsuite> <!-- Test -->
